This is pdfTeX, Version 3.14159265-2.6-1.40.21 (MiKTeX 2.9.7300 64-bit) (preloaded format=pdflatex 2020.2.21)  16 APR 2020 00:30
entering extended mode
**./equation.tex
(equation.tex
LaTeX2e <2020-02-02> patch level 3
L3 programming layer <2020-02-14>
("C:\Users\Bashar\AppData\Local\Programs\MiKTeXNew 2.9\tex/latex/base\article.c
ls"
Document Class: article 2019/12/20 v1.4l Standard LaTeX document class

("C:\Users\Bashar\AppData\Local\Programs\MiKTeXNew 2.9\tex/latex/base\size10.cl
o"
File: size10.clo 2019/12/20 v1.4l Standard LaTeX file (size option)
)
\c@part=\count167
\c@section=\count168
\c@subsection=\count169
\c@subsubsection=\count170
\c@paragraph=\count171
\c@subparagraph=\count172
\c@figure=\count173
\c@table=\count174
\abovecaptionskip=\skip47
\belowcaptionskip=\skip48
\bibindent=\dimen134
)
("C:\Users\Bashar\AppData\Local\Programs\MiKTeXNew 2.9\tex/latex/graphics\graph
icx.sty"
Package: graphicx 2019/11/30 v1.2a Enhanced LaTeX Graphics (DPC,SPQR)

("C:\Users\Bashar\AppData\Local\Programs\MiKTeXNew 2.9\tex/latex/graphics\keyva
l.sty"
Package: keyval 2014/10/28 v1.15 key=value parser (DPC)
\KV@toks@=\toks14
)
("C:\Users\Bashar\AppData\Local\Programs\MiKTeXNew 2.9\tex/latex/graphics\graph
ics.sty"
Package: graphics 2019/11/30 v1.4a Standard LaTeX Graphics (DPC,SPQR)

("C:\Users\Bashar\AppData\Local\Programs\MiKTeXNew 2.9\tex/latex/graphics\trig.
sty"
Package: trig 2016/01/03 v1.10 sin cos tan (DPC)
)
("C:\Users\Bashar\AppData\Local\Programs\MiKTeXNew 2.9\tex/latex/graphics-cfg\g
raphics.cfg"
File: graphics.cfg 2016/06/04 v1.11 sample graphics configuration
)
Package graphics Info: Driver file: pdftex.def on input line 105.

("C:\Users\Bashar\AppData\Local\Programs\MiKTeXNew 2.9\tex/latex/graphics-def\p
dftex.def"
File: pdftex.def 2018/01/08 v1.0l Graphics/color driver for pdftex
))
\Gin@req@height=\dimen135
\Gin@req@width=\dimen136
)
("C:\Users\Bashar\AppData\Local\Programs\MiKTeXNew 2.9\tex/latex/amsmath\amsmat
h.sty"
Package: amsmath 2020/01/20 v2.17e AMS math features
\@mathmargin=\skip49

For additional information on amsmath, use the `?' option.

("C:\Users\Bashar\AppData\Local\Programs\MiKTeXNew 2.9\tex/latex/amsmath\amstex
t.sty"
Package: amstext 2000/06/29 v2.01 AMS text

("C:\Users\Bashar\AppData\Local\Programs\MiKTeXNew 2.9\tex/latex/amsmath\amsgen
.sty"
File: amsgen.sty 1999/11/30 v2.0 generic functions
\@emptytoks=\toks15
\ex@=\dimen137
))
("C:\Users\Bashar\AppData\Local\Programs\MiKTeXNew 2.9\tex/latex/amsmath\amsbsy
.sty"
Package: amsbsy 1999/11/29 v1.2d Bold Symbols
\pmbraise@=\dimen138
)
("C:\Users\Bashar\AppData\Local\Programs\MiKTeXNew 2.9\tex/latex/amsmath\amsopn
.sty"
Package: amsopn 2016/03/08 v2.02 operator names
)
\inf@bad=\count175
LaTeX Info: Redefining \frac on input line 227.
\uproot@=\count176
\leftroot@=\count177
LaTeX Info: Redefining \overline on input line 389.
\classnum@=\count178
\DOTSCASE@=\count179
LaTeX Info: Redefining \ldots on input line 486.
LaTeX Info: Redefining \dots on input line 489.
LaTeX Info: Redefining \cdots on input line 610.
\Mathstrutbox@=\box45
\strutbox@=\box46
\big@size=\dimen139
LaTeX Font Info:    Redeclaring font encoding OML on input line 733.
LaTeX Font Info:    Redeclaring font encoding OMS on input line 734.
\macc@depth=\count180
\c@MaxMatrixCols=\count181
\dotsspace@=\muskip16
\c@parentequation=\count182
\dspbrk@lvl=\count183
\tag@help=\toks16
\row@=\count184
\column@=\count185
\maxfields@=\count186
\andhelp@=\toks17
\eqnshift@=\dimen140
\alignsep@=\dimen141
\tagshift@=\dimen142
\tagwidth@=\dimen143
\totwidth@=\dimen144
\lineht@=\dimen145
\@envbody=\toks18
\multlinegap=\skip50
\multlinetaggap=\skip51
\mathdisplay@stack=\toks19
LaTeX Info: Redefining \[ on input line 2859.
LaTeX Info: Redefining \] on input line 2860.
)
("C:\Users\Bashar\AppData\Local\Programs\MiKTeXNew 2.9\tex/latex/amscls\amsthm.
sty"
Package: amsthm 2017/10/31 v2.20.4
\thm@style=\toks20
\thm@bodyfont=\toks21
\thm@headfont=\toks22
\thm@notefont=\toks23
\thm@headpunct=\toks24
\thm@preskip=\skip52
\thm@postskip=\skip53
\thm@headsep=\skip54
\dth@everypar=\toks25
)
("C:\Users\Bashar\AppData\Local\Programs\MiKTeXNew 2.9\tex/latex/amsfonts\amsfo
nts.sty"
Package: amsfonts 2013/01/14 v3.01 Basic AMSFonts support
\symAMSa=\mathgroup4
\symAMSb=\mathgroup5
LaTeX Font Info:    Redeclaring math symbol \hbar on input line 98.
LaTeX Font Info:    Overwriting math alphabet `\mathfrak' in version `bold'
(Font)                  U/euf/m/n --> U/euf/b/n on input line 106.
)
("C:\Users\Bashar\AppData\Local\Programs\MiKTeXNew 2.9\tex/latex/amsfonts\amssy
mb.sty"
Package: amssymb 2013/01/14 v3.01 AMS font symbols
)
("C:\Users\Bashar\AppData\Local\Programs\MiKTeXNew 2.9\tex/latex/amsmath\amscd.
sty"
Package: amscd 2017/04/14 v2.1 AMS Commutative Diagrams
\athelp@=\toks26
\minaw@=\dimen146
\bigaw@=\dimen147
\minCDarrowwidth=\dimen148
)
("C:\Users\Bashar\AppData\Local\Programs\MiKTeXNew 2.9\tex/latex/siunitx\siunit
x.sty"
("C:\Users\Bashar\AppData\Local\Programs\MiKTeXNew 2.9\tex/latex/l3kernel\expl3
.sty"
Package: expl3 2020-02-14 L3 programming layer (loader) 

("C:\Users\Bashar\AppData\Local\Programs\MiKTeXNew 2.9\tex/latex/l3backend\l3ba
ckend-pdfmode.def"
File: l3backend-pdfmode.def 2020-02-03 L3 backend support: PDF mode
\l__kernel_color_stack_int=\count187
\l__pdf_internal_box=\box47
))
("C:\Users\Bashar\AppData\Local\Programs\MiKTeXNew 2.9\tex/latex/l3packages/xpa
rse\xparse.sty"
Package: xparse 2020-02-14 L3 Experimental document command parser
\l__xparse_current_arg_int=\count188
\g__xparse_grabber_int=\count189
\l__xparse_m_args_int=\count190
\l__xparse_v_nesting_int=\count191
)
Package: siunitx 2020/02/20 v2.8 A comprehensive (SI) units package

("C:\Users\Bashar\AppData\Local\Programs\MiKTeXNew 2.9\tex/latex/tools\array.st
y"
Package: array 2019/08/31 v2.4l Tabular extension package (FMi)
\col@sep=\dimen149
\ar@mcellbox=\box48
\extrarowheight=\dimen150
\NC@list=\toks27
\extratabsurround=\skip55
\backup@length=\skip56
\ar@cellbox=\box49
)
("C:\Users\Bashar\AppData\Local\Programs\MiKTeXNew 2.9\tex/latex/l3packages/l3k
eys2e\l3keys2e.sty"
Package: l3keys2e 2020-02-14 LaTeX2e option processing using LaTeX3 keys
)
\l__siunitx_tmp_box=\box50
\l__siunitx_tmp_dim=\dimen151
\l__siunitx_tmp_int=\count192
\l__siunitx_number_mantissa_length_int=\count193
\l__siunitx_number_uncert_length_int=\count194
\l__siunitx_round_int=\count195
\l__siunitx_process_decimal_int=\count196
\l__siunitx_process_uncertainty_int=\count197
\l__siunitx_process_fixed_int=\count198
\l__siunitx_process_integer_min_int=\count199
\l__siunitx_process_precision_int=\count266
\l__siunitx_group_min_int=\count267
\l__siunitx_angle_marker_box=\box51
\l__siunitx_angle_unit_box=\box52
\l__siunitx_angle_marker_dim=\dimen152
\l__siunitx_angle_unit_dim=\dimen153
\l__siunitx_unit_int=\count268
\l__siunitx_unit_denominator_int=\count269
\l__siunitx_unit_numerator_int=\count270
\l__siunitx_unit_prefix_int=\count271
\l__siunitx_unit_prefix_base_int=\count272
\l__siunitx_unit_prefix_gram_int=\count273
\l__siunitx_number_product_int=\count274
\c__siunitx_one_fill_skip=\skip57
\l__siunitx_table_unit_align_skip=\skip58
\l__siunitx_table_exponent_dim=\dimen154
\l__siunitx_table_integer_dim=\dimen155
\l__siunitx_table_mantissa_dim=\dimen156
\l__siunitx_table_marker_dim=\dimen157
\l__siunitx_table_result_dim=\dimen158
\l__siunitx_table_uncert_dim=\dimen159
\l__siunitx_table_fill_pre_dim=\dimen160
\l__siunitx_table_fill_post_dim=\dimen161
\l__siunitx_table_fill_mid_dim=\dimen162
\l__siunitx_table_pre_box=\box53
\l__siunitx_table_post_box=\box54
\l__siunitx_table_mantissa_box=\box55
\l__siunitx_table_result_box=\box56
\l__siunitx_table_number_align_skip=\skip59
\l__siunitx_table_text_align_skip=\skip60

("C:\Users\Bashar\AppData\Local\Programs\MiKTeXNew 2.9\tex/latex/translator\tra
nslator.sty"
Package: translator 2019-05-31 v1.12a Easy translation of strings in LaTeX
))
("C:\Users\Bashar\AppData\Local\Programs\MiKTeXNew 2.9\tex/latex/setspace\setsp
ace.sty"
Package: setspace 2011/12/19 v6.7a set line spacing
)
("C:\Users\Bashar\AppData\Local\Programs\MiKTeXNew 2.9\tex/latex/fancyhdr\fancy
hdr.sty"
Package: fancyhdr 2019/01/31 v3.10 Extensive control of page headers and footer
s
\f@nch@headwidth=\skip61
\f@nch@O@elh=\skip62
\f@nch@O@erh=\skip63
\f@nch@O@olh=\skip64
\f@nch@O@orh=\skip65
\f@nch@O@elf=\skip66
\f@nch@O@erf=\skip67
\f@nch@O@olf=\skip68
\f@nch@O@orf=\skip69
)
("C:\Users\Bashar\AppData\Local\Programs\MiKTeXNew 2.9\tex/latex/float\float.st
y"
Package: float 2001/11/08 v1.3d Float enhancements (AL)
\c@float@type=\count275
\float@exts=\toks28
\float@box=\box57
\@float@everytoks=\toks29
\@floatcapt=\box58
)
("C:\Users\Bashar\AppData\Local\Programs\MiKTeXNew 2.9\tex/latex/l3packages/xfr
ac\xfrac.sty"
("C:\Users\Bashar\AppData\Local\Programs\MiKTeXNew 2.9\tex/latex/base\textcomp.
sty"
Package: textcomp 2020/02/02 v2.0n Standard LaTeX package
)
("C:\Users\Bashar\AppData\Local\Programs\MiKTeXNew 2.9\tex/latex/l3packages/xte
mplate\xtemplate.sty"
Package: xtemplate 2020-02-14 L3 Experimental prototype document functions
\l__xtemplate_tmp_dim=\dimen163
\l__xtemplate_tmp_int=\count276
\l__xtemplate_tmp_muskip=\muskip17
\l__xtemplate_tmp_skip=\skip70
)
Package: xfrac 2020-02-14 L3 Experimental split-level fractions
\l__xfrac_slash_box=\box59
\l__xfrac_tmp_box=\box60
\l__xfrac_denominator_bot_sep_dim=\dimen164
\l__xfrac_numerator_bot_sep_dim=\dimen165
\l__xfrac_numerator_top_sep_dim=\dimen166
\l__xfrac_slash_left_sep_dim=\dimen167
\l__xfrac_slash_right_sep_dim=\dimen168
\l__xfrac_slash_left_muskip=\muskip18
\l__xfrac_slash_right_muskip=\muskip19

Package xtemplate Info: Declaring object type 'xfrac' taking 3 argument(s) on
(xtemplate)             line 80.

)
("C:\Users\Bashar\AppData\Local\Programs\MiKTeXNew 2.9\tex/latex/tools\longtabl
e.sty"
Package: longtable 2020/01/07 v4.13 Multi-page Table package (DPC)
\LTleft=\skip71
\LTright=\skip72
\LTpre=\skip73
\LTpost=\skip74
\LTchunksize=\count277
\LTcapwidth=\dimen169
\LT@head=\box61
\LT@firsthead=\box62
\LT@foot=\box63
\LT@lastfoot=\box64
\LT@cols=\count278
\LT@rows=\count279
\c@LT@tables=\count280
\c@LT@chunks=\count281
\LT@p@ftn=\toks30
)
("C:\Users\Bashar\AppData\Local\Programs\MiKTeXNew 2.9\tex/latex/cite\cite.sty"
LaTeX Info: Redefining \cite on input line 302.
LaTeX Info: Redefining \nocite on input line 332.
Package: cite 2015/02/27  v 5.5
)
("C:\Users\Bashar\AppData\Local\Programs\MiKTeXNew 2.9\tex/latex/wrapfig\wrapfi
g.sty"
\wrapoverhang=\dimen170
\WF@size=\dimen171
\c@WF@wrappedlines=\count282
\WF@box=\box65
\WF@everypar=\toks31
Package: wrapfig 2003/01/31  v 3.6
)
("C:\Users\Bashar\AppData\Local\Programs\MiKTeXNew 2.9\tex/latex/graphics\lscap
e.sty"
Package: lscape 2000/10/22 v3.01 Landscape Pages (DPC)
)
("C:\Users\Bashar\AppData\Local\Programs\MiKTeXNew 2.9\tex/latex/graphics\rotat
ing.sty"
Package: rotating 2016/08/11 v2.16d rotated objects in LaTeX

("C:\Users\Bashar\AppData\Local\Programs\MiKTeXNew 2.9\tex/latex/base\ifthen.st
y"
Package: ifthen 2014/09/29 v1.1c Standard LaTeX ifthen package (DPC)
)
\c@r@tfl@t=\count283
\rotFPtop=\skip75
\rotFPbot=\skip76
\rot@float@box=\box66
\rot@mess@toks=\toks32
)
("C:\Users\Bashar\AppData\Local\Programs\MiKTeXNew 2.9\tex/latex/epstopdf-pkg\e
pstopdf.sty"
Package: epstopdf 2020-01-24 v2.11 Conversion with epstopdf on the fly (HO)

("C:\Users\Bashar\AppData\Local\Programs\MiKTeXNew 2.9\tex/generic/infwarerr\in
fwarerr.sty"
Package: infwarerr 2019/12/03 v1.5 Providing info/warning/error messages (HO)
)
("C:\Users\Bashar\AppData\Local\Programs\MiKTeXNew 2.9\tex/latex/grfext\grfext.
sty"
Package: grfext 2019/12/03 v1.3 Manage graphics extensions (HO)

("C:\Users\Bashar\AppData\Local\Programs\MiKTeXNew 2.9\tex/generic/kvdefinekeys
\kvdefinekeys.sty"
Package: kvdefinekeys 2019-12-19 v1.6 Define keys (HO)
))
("C:\Users\Bashar\AppData\Local\Programs\MiKTeXNew 2.9\tex/latex/kvoptions\kvop
tions.sty"
Package: kvoptions 2019/11/29 v3.13 Key value format for package options (HO)

("C:\Users\Bashar\AppData\Local\Programs\MiKTeXNew 2.9\tex/generic/ltxcmds\ltxc
mds.sty"
Package: ltxcmds 2019/12/15 v1.24 LaTeX kernel commands for general use (HO)
)
("C:\Users\Bashar\AppData\Local\Programs\MiKTeXNew 2.9\tex/generic/kvsetkeys\kv
setkeys.sty"
Package: kvsetkeys 2019/12/15 v1.18 Key value parser (HO)
))
("C:\Users\Bashar\AppData\Local\Programs\MiKTeXNew 2.9\tex/latex/pdftexcmds\pdf
texcmds.sty"
Package: pdftexcmds 2019/11/24 v0.31 Utility functions of pdfTeX for LuaTeX (HO
)

("C:\Users\Bashar\AppData\Local\Programs\MiKTeXNew 2.9\tex/generic/iftex\iftex.
sty"
Package: iftex 2019/11/07 v1.0c TeX engine tests
)
Package pdftexcmds Info: \pdf@primitive is available.
Package pdftexcmds Info: \pdf@ifprimitive is available.
Package pdftexcmds Info: \pdfdraftmode found.
)
("C:\Users\Bashar\AppData\Local\Programs\MiKTeXNew 2.9\tex/latex/epstopdf-pkg\e
pstopdf-base.sty"
Package: epstopdf-base 2020-01-24 v2.11 Base part for package epstopdf
Package epstopdf-base Info: Redefining graphics rule for `.eps' on input line 4
85.
Package grfext Info: Graphics extension search list:
(grfext)             [.pdf,.png,.jpg,.mps,.jpeg,.jbig2,.jb2,.PDF,.PNG,.JPG,.JPE
G,.JBIG2,.JB2,.eps]
(grfext)             \AppendGraphicsExtensions on input line 504.
))
("C:\Users\Bashar\AppData\Local\Programs\MiKTeXNew 2.9\tex/latex/url\url.sty"
\Urlmuskip=\muskip20
Package: url 2013/09/16  ver 3.4  Verb mode for urls, etc.
)
("C:\Users\Bashar\AppData\Local\Programs\MiKTeXNew 2.9\tex/latex/booktabs\bookt
abs.sty"
Package: booktabs 2020/01/12 v1.61803398 Publication quality tables
\heavyrulewidth=\dimen172
\lightrulewidth=\dimen173
\cmidrulewidth=\dimen174
\belowrulesep=\dimen175
\belowbottomsep=\dimen176
\aboverulesep=\dimen177
\abovetopsep=\dimen178
\cmidrulesep=\dimen179
\cmidrulekern=\dimen180
\defaultaddspace=\dimen181
\@cmidla=\count284
\@cmidlb=\count285
\@aboverulesep=\dimen182
\@belowrulesep=\dimen183
\@thisruleclass=\count286
\@lastruleclass=\count287
\@thisrulewidth=\dimen184
)
("C:\Users\Bashar\AppData\Local\Programs\MiKTeXNew 2.9\tex/latex/listings\listi
ngs.sty"
\lst@mode=\count288
\lst@gtempboxa=\box67
\lst@token=\toks33
\lst@length=\count289
\lst@currlwidth=\dimen185
\lst@column=\count290
\lst@pos=\count291
\lst@lostspace=\dimen186
\lst@width=\dimen187
\lst@newlines=\count292
\lst@lineno=\count293
\lst@maxwidth=\dimen188

("C:\Users\Bashar\AppData\Local\Programs\MiKTeXNew 2.9\tex/latex/listings\lstmi
sc.sty"
File: lstmisc.sty 2019/09/10 1.8c (Carsten Heinz)
\c@lstnumber=\count294
\lst@skipnumbers=\count295
\lst@framebox=\box68
)
("C:\Users\Bashar\AppData\Local\Programs\MiKTeXNew 2.9\tex/latex/listings\listi
ngs.cfg"
File: listings.cfg 2019/09/10 1.8c listings configuration
))
Package: listings 2019/09/10 1.8c (Carsten Heinz)

("C:\Users\Bashar\AppData\Local\Programs\MiKTeXNew 2.9\tex/latex/base\latexsym.
sty"
Package: latexsym 1998/08/17 v2.2e Standard LaTeX package (lasy symbols)
\symlasy=\mathgroup6
LaTeX Font Info:    Overwriting symbol font `lasy' in version `bold'
(Font)                  U/lasy/m/n --> U/lasy/b/n on input line 52.
)
("C:\Users\Bashar\AppData\Local\Programs\MiKTeXNew 2.9\tex/latex/pgf/frontendla
yer\tikz.sty"
("C:\Users\Bashar\AppData\Local\Programs\MiKTeXNew 2.9\tex/latex/pgf/basiclayer
\pgf.sty"
("C:\Users\Bashar\AppData\Local\Programs\MiKTeXNew 2.9\tex/latex/pgf/utilities\
pgfrcs.sty"
("C:\Users\Bashar\AppData\Local\Programs\MiKTeXNew 2.9\tex/generic/pgf/utilitie
s\pgfutil-common.tex"
\pgfutil@everybye=\toks34
\pgfutil@tempdima=\dimen189
\pgfutil@tempdimb=\dimen190

("C:\Users\Bashar\AppData\Local\Programs\MiKTeXNew 2.9\tex/generic/pgf/utilitie
s\pgfutil-common-lists.tex"))
("C:\Users\Bashar\AppData\Local\Programs\MiKTeXNew 2.9\tex/generic/pgf/utilitie
s\pgfutil-latex.def"
\pgfutil@abb=\box69

("C:\Users\Bashar\AppData\Local\Programs\MiKTeXNew 2.9\tex/latex/ms\everyshi.st
y"
Package: everyshi 2001/05/15 v3.00 EveryShipout Package (MS)
))
("C:\Users\Bashar\AppData\Local\Programs\MiKTeXNew 2.9\tex/generic/pgf/utilitie
s\pgfrcs.code.tex"
("C:\Users\Bashar\AppData\Local\Programs\MiKTeXNew 2.9\tex/generic/pgf\pgf.revi
sion.tex")
Package: pgfrcs 2020/01/08 v3.1.5b (3.1.5b)
))
Package: pgf 2020/01/08 v3.1.5b (3.1.5b)

("C:\Users\Bashar\AppData\Local\Programs\MiKTeXNew 2.9\tex/latex/pgf/basiclayer
\pgfcore.sty"
("C:\Users\Bashar\AppData\Local\Programs\MiKTeXNew 2.9\tex/latex/pgf/systemlaye
r\pgfsys.sty"
("C:\Users\Bashar\AppData\Local\Programs\MiKTeXNew 2.9\tex/generic/pgf/systemla
yer\pgfsys.code.tex"
Package: pgfsys 2020/01/08 v3.1.5b (3.1.5b)

("C:\Users\Bashar\AppData\Local\Programs\MiKTeXNew 2.9\tex/generic/pgf/utilitie
s\pgfkeys.code.tex"
\pgfkeys@pathtoks=\toks35
\pgfkeys@temptoks=\toks36

("C:\Users\Bashar\AppData\Local\Programs\MiKTeXNew 2.9\tex/generic/pgf/utilitie
s\pgfkeysfiltered.code.tex"
\pgfkeys@tmptoks=\toks37
))
\pgf@x=\dimen191
\pgf@y=\dimen192
\pgf@xa=\dimen193
\pgf@ya=\dimen194
\pgf@xb=\dimen195
\pgf@yb=\dimen196
\pgf@xc=\dimen197
\pgf@yc=\dimen198
\pgf@xd=\dimen199
\pgf@yd=\dimen256
\w@pgf@writea=\write3
\r@pgf@reada=\read2
\c@pgf@counta=\count296
\c@pgf@countb=\count297
\c@pgf@countc=\count298
\c@pgf@countd=\count299
\t@pgf@toka=\toks38
\t@pgf@tokb=\toks39
\t@pgf@tokc=\toks40
\pgf@sys@id@count=\count300

("C:\Users\Bashar\AppData\Local\Programs\MiKTeXNew 2.9\tex/generic/pgf/systemla
yer\pgf.cfg"
File: pgf.cfg 2020/01/08 v3.1.5b (3.1.5b)
)
Driver file for pgf: pgfsys-pdftex.def

("C:\Users\Bashar\AppData\Local\Programs\MiKTeXNew 2.9\tex/generic/pgf/systemla
yer\pgfsys-pdftex.def"
File: pgfsys-pdftex.def 2020/01/08 v3.1.5b (3.1.5b)

("C:\Users\Bashar\AppData\Local\Programs\MiKTeXNew 2.9\tex/generic/pgf/systemla
yer\pgfsys-common-pdf.def"
File: pgfsys-common-pdf.def 2020/01/08 v3.1.5b (3.1.5b)
)))
("C:\Users\Bashar\AppData\Local\Programs\MiKTeXNew 2.9\tex/generic/pgf/systemla
yer\pgfsyssoftpath.code.tex"
File: pgfsyssoftpath.code.tex 2020/01/08 v3.1.5b (3.1.5b)
\pgfsyssoftpath@smallbuffer@items=\count301
\pgfsyssoftpath@bigbuffer@items=\count302
)
("C:\Users\Bashar\AppData\Local\Programs\MiKTeXNew 2.9\tex/generic/pgf/systemla
yer\pgfsysprotocol.code.tex"
File: pgfsysprotocol.code.tex 2020/01/08 v3.1.5b (3.1.5b)
))
("C:\Users\Bashar\AppData\Local\Programs\MiKTeXNew 2.9\tex/latex/xcolor\xcolor.
sty"
Package: xcolor 2016/05/11 v2.12 LaTeX color extensions (UK)

("C:\Users\Bashar\AppData\Local\Programs\MiKTeXNew 2.9\tex/latex/graphics-cfg\c
olor.cfg"
File: color.cfg 2016/01/02 v1.6 sample color configuration
)
Package xcolor Info: Driver file: pdftex.def on input line 225.
Package xcolor Info: Model `cmy' substituted by `cmy0' on input line 1348.
Package xcolor Info: Model `hsb' substituted by `rgb' on input line 1352.
Package xcolor Info: Model `RGB' extended on input line 1364.
Package xcolor Info: Model `HTML' substituted by `rgb' on input line 1366.
Package xcolor Info: Model `Hsb' substituted by `hsb' on input line 1367.
Package xcolor Info: Model `tHsb' substituted by `hsb' on input line 1368.
Package xcolor Info: Model `HSB' substituted by `hsb' on input line 1369.
Package xcolor Info: Model `Gray' substituted by `gray' on input line 1370.
Package xcolor Info: Model `wave' substituted by `hsb' on input line 1371.
)
("C:\Users\Bashar\AppData\Local\Programs\MiKTeXNew 2.9\tex/generic/pgf/basiclay
er\pgfcore.code.tex"
Package: pgfcore 2020/01/08 v3.1.5b (3.1.5b)

("C:\Users\Bashar\AppData\Local\Programs\MiKTeXNew 2.9\tex/generic/pgf/math\pgf
math.code.tex"
("C:\Users\Bashar\AppData\Local\Programs\MiKTeXNew 2.9\tex/generic/pgf/math\pgf
mathcalc.code.tex"
("C:\Users\Bashar\AppData\Local\Programs\MiKTeXNew 2.9\tex/generic/pgf/math\pgf
mathutil.code.tex")
("C:\Users\Bashar\AppData\Local\Programs\MiKTeXNew 2.9\tex/generic/pgf/math\pgf
mathparser.code.tex"
\pgfmath@dimen=\dimen257
\pgfmath@count=\count303
\pgfmath@box=\box70
\pgfmath@toks=\toks41
\pgfmath@stack@operand=\toks42
\pgfmath@stack@operation=\toks43
)
("C:\Users\Bashar\AppData\Local\Programs\MiKTeXNew 2.9\tex/generic/pgf/math\pgf
mathfunctions.code.tex"
("C:\Users\Bashar\AppData\Local\Programs\MiKTeXNew 2.9\tex/generic/pgf/math\pgf
mathfunctions.basic.code.tex")
("C:\Users\Bashar\AppData\Local\Programs\MiKTeXNew 2.9\tex/generic/pgf/math\pgf
mathfunctions.trigonometric.code.tex")
("C:\Users\Bashar\AppData\Local\Programs\MiKTeXNew 2.9\tex/generic/pgf/math\pgf
mathfunctions.random.code.tex")
("C:\Users\Bashar\AppData\Local\Programs\MiKTeXNew 2.9\tex/generic/pgf/math\pgf
mathfunctions.comparison.code.tex")
("C:\Users\Bashar\AppData\Local\Programs\MiKTeXNew 2.9\tex/generic/pgf/math\pgf
mathfunctions.base.code.tex")
("C:\Users\Bashar\AppData\Local\Programs\MiKTeXNew 2.9\tex/generic/pgf/math\pgf
mathfunctions.round.code.tex")
("C:\Users\Bashar\AppData\Local\Programs\MiKTeXNew 2.9\tex/generic/pgf/math\pgf
mathfunctions.misc.code.tex")
("C:\Users\Bashar\AppData\Local\Programs\MiKTeXNew 2.9\tex/generic/pgf/math\pgf
mathfunctions.integerarithmetics.code.tex")))
("C:\Users\Bashar\AppData\Local\Programs\MiKTeXNew 2.9\tex/generic/pgf/math\pgf
mathfloat.code.tex"
\c@pgfmathroundto@lastzeros=\count304
))
("C:\Users\Bashar\AppData\Local\Programs\MiKTeXNew 2.9\tex/generic/pgf/math\pgf
int.code.tex")
("C:\Users\Bashar\AppData\Local\Programs\MiKTeXNew 2.9\tex/generic/pgf/basiclay
er\pgfcorepoints.code.tex"
File: pgfcorepoints.code.tex 2020/01/08 v3.1.5b (3.1.5b)
\pgf@picminx=\dimen258
\pgf@picmaxx=\dimen259
\pgf@picminy=\dimen260
\pgf@picmaxy=\dimen261
\pgf@pathminx=\dimen262
\pgf@pathmaxx=\dimen263
\pgf@pathminy=\dimen264
\pgf@pathmaxy=\dimen265
\pgf@xx=\dimen266
\pgf@xy=\dimen267
\pgf@yx=\dimen268
\pgf@yy=\dimen269
\pgf@zx=\dimen270
\pgf@zy=\dimen271
)
("C:\Users\Bashar\AppData\Local\Programs\MiKTeXNew 2.9\tex/generic/pgf/basiclay
er\pgfcorepathconstruct.code.tex"
File: pgfcorepathconstruct.code.tex 2020/01/08 v3.1.5b (3.1.5b)
\pgf@path@lastx=\dimen272
\pgf@path@lasty=\dimen273
)
("C:\Users\Bashar\AppData\Local\Programs\MiKTeXNew 2.9\tex/generic/pgf/basiclay
er\pgfcorepathusage.code.tex"
File: pgfcorepathusage.code.tex 2020/01/08 v3.1.5b (3.1.5b)
\pgf@shorten@end@additional=\dimen274
\pgf@shorten@start@additional=\dimen275
)
("C:\Users\Bashar\AppData\Local\Programs\MiKTeXNew 2.9\tex/generic/pgf/basiclay
er\pgfcorescopes.code.tex"
File: pgfcorescopes.code.tex 2020/01/08 v3.1.5b (3.1.5b)
\pgfpic=\box71
\pgf@hbox=\box72
\pgf@layerbox@main=\box73
\pgf@picture@serial@count=\count305
)
("C:\Users\Bashar\AppData\Local\Programs\MiKTeXNew 2.9\tex/generic/pgf/basiclay
er\pgfcoregraphicstate.code.tex"
File: pgfcoregraphicstate.code.tex 2020/01/08 v3.1.5b (3.1.5b)
\pgflinewidth=\dimen276
)
("C:\Users\Bashar\AppData\Local\Programs\MiKTeXNew 2.9\tex/generic/pgf/basiclay
er\pgfcoretransformations.code.tex"
File: pgfcoretransformations.code.tex 2020/01/08 v3.1.5b (3.1.5b)
\pgf@pt@x=\dimen277
\pgf@pt@y=\dimen278
\pgf@pt@temp=\dimen279
)
("C:\Users\Bashar\AppData\Local\Programs\MiKTeXNew 2.9\tex/generic/pgf/basiclay
er\pgfcorequick.code.tex"
File: pgfcorequick.code.tex 2020/01/08 v3.1.5b (3.1.5b)
)
("C:\Users\Bashar\AppData\Local\Programs\MiKTeXNew 2.9\tex/generic/pgf/basiclay
er\pgfcoreobjects.code.tex"
File: pgfcoreobjects.code.tex 2020/01/08 v3.1.5b (3.1.5b)
)
("C:\Users\Bashar\AppData\Local\Programs\MiKTeXNew 2.9\tex/generic/pgf/basiclay
er\pgfcorepathprocessing.code.tex"
File: pgfcorepathprocessing.code.tex 2020/01/08 v3.1.5b (3.1.5b)
)
("C:\Users\Bashar\AppData\Local\Programs\MiKTeXNew 2.9\tex/generic/pgf/basiclay
er\pgfcorearrows.code.tex"
File: pgfcorearrows.code.tex 2020/01/08 v3.1.5b (3.1.5b)
\pgfarrowsep=\dimen280
)
("C:\Users\Bashar\AppData\Local\Programs\MiKTeXNew 2.9\tex/generic/pgf/basiclay
er\pgfcoreshade.code.tex"
File: pgfcoreshade.code.tex 2020/01/08 v3.1.5b (3.1.5b)
\pgf@max=\dimen281
\pgf@sys@shading@range@num=\count306
\pgf@shadingcount=\count307
)
("C:\Users\Bashar\AppData\Local\Programs\MiKTeXNew 2.9\tex/generic/pgf/basiclay
er\pgfcoreimage.code.tex"
File: pgfcoreimage.code.tex 2020/01/08 v3.1.5b (3.1.5b)

("C:\Users\Bashar\AppData\Local\Programs\MiKTeXNew 2.9\tex/generic/pgf/basiclay
er\pgfcoreexternal.code.tex"
File: pgfcoreexternal.code.tex 2020/01/08 v3.1.5b (3.1.5b)
\pgfexternal@startupbox=\box74
))
("C:\Users\Bashar\AppData\Local\Programs\MiKTeXNew 2.9\tex/generic/pgf/basiclay
er\pgfcorelayers.code.tex"
File: pgfcorelayers.code.tex 2020/01/08 v3.1.5b (3.1.5b)
)
("C:\Users\Bashar\AppData\Local\Programs\MiKTeXNew 2.9\tex/generic/pgf/basiclay
er\pgfcoretransparency.code.tex"
File: pgfcoretransparency.code.tex 2020/01/08 v3.1.5b (3.1.5b)
)
("C:\Users\Bashar\AppData\Local\Programs\MiKTeXNew 2.9\tex/generic/pgf/basiclay
er\pgfcorepatterns.code.tex"
File: pgfcorepatterns.code.tex 2020/01/08 v3.1.5b (3.1.5b)
)
("C:\Users\Bashar\AppData\Local\Programs\MiKTeXNew 2.9\tex/generic/pgf/basiclay
er\pgfcorerdf.code.tex"
File: pgfcorerdf.code.tex 2020/01/08 v3.1.5b (3.1.5b)
)))
("C:\Users\Bashar\AppData\Local\Programs\MiKTeXNew 2.9\tex/generic/pgf/modules\
pgfmoduleshapes.code.tex"
File: pgfmoduleshapes.code.tex 2020/01/08 v3.1.5b (3.1.5b)
\pgfnodeparttextbox=\box75
)
("C:\Users\Bashar\AppData\Local\Programs\MiKTeXNew 2.9\tex/generic/pgf/modules\
pgfmoduleplot.code.tex"
File: pgfmoduleplot.code.tex 2020/01/08 v3.1.5b (3.1.5b)
)
("C:\Users\Bashar\AppData\Local\Programs\MiKTeXNew 2.9\tex/latex/pgf/compatibil
ity\pgfcomp-version-0-65.sty"
Package: pgfcomp-version-0-65 2020/01/08 v3.1.5b (3.1.5b)
\pgf@nodesepstart=\dimen282
\pgf@nodesepend=\dimen283
)
("C:\Users\Bashar\AppData\Local\Programs\MiKTeXNew 2.9\tex/latex/pgf/compatibil
ity\pgfcomp-version-1-18.sty"
Package: pgfcomp-version-1-18 2020/01/08 v3.1.5b (3.1.5b)
))
("C:\Users\Bashar\AppData\Local\Programs\MiKTeXNew 2.9\tex/latex/pgf/utilities\
pgffor.sty"
("C:\Users\Bashar\AppData\Local\Programs\MiKTeXNew 2.9\tex/latex/pgf/utilities\
pgfkeys.sty"
("C:\Users\Bashar\AppData\Local\Programs\MiKTeXNew 2.9\tex/generic/pgf/utilitie
s\pgfkeys.code.tex"))
("C:\Users\Bashar\AppData\Local\Programs\MiKTeXNew 2.9\tex/latex/pgf/math\pgfma
th.sty"
("C:\Users\Bashar\AppData\Local\Programs\MiKTeXNew 2.9\tex/generic/pgf/math\pgf
math.code.tex"))
("C:\Users\Bashar\AppData\Local\Programs\MiKTeXNew 2.9\tex/generic/pgf/utilitie
s\pgffor.code.tex"
Package: pgffor 2020/01/08 v3.1.5b (3.1.5b)

("C:\Users\Bashar\AppData\Local\Programs\MiKTeXNew 2.9\tex/generic/pgf/math\pgf
math.code.tex")
\pgffor@iter=\dimen284
\pgffor@skip=\dimen285
\pgffor@stack=\toks44
\pgffor@toks=\toks45
))
("C:\Users\Bashar\AppData\Local\Programs\MiKTeXNew 2.9\tex/generic/pgf/frontend
layer/tikz\tikz.code.tex"
Package: tikz 2020/01/08 v3.1.5b (3.1.5b)

("C:\Users\Bashar\AppData\Local\Programs\MiKTeXNew 2.9\tex/generic/pgf/librarie
s\pgflibraryplothandlers.code.tex"
File: pgflibraryplothandlers.code.tex 2020/01/08 v3.1.5b (3.1.5b)
\pgf@plot@mark@count=\count308
\pgfplotmarksize=\dimen286
)
\tikz@lastx=\dimen287
\tikz@lasty=\dimen288
\tikz@lastxsaved=\dimen289
\tikz@lastysaved=\dimen290
\tikz@lastmovetox=\dimen291
\tikz@lastmovetoy=\dimen292
\tikzleveldistance=\dimen293
\tikzsiblingdistance=\dimen294
\tikz@figbox=\box76
\tikz@figbox@bg=\box77
\tikz@tempbox=\box78
\tikz@tempbox@bg=\box79
\tikztreelevel=\count309
\tikznumberofchildren=\count310
\tikznumberofcurrentchild=\count311
\tikz@fig@count=\count312

("C:\Users\Bashar\AppData\Local\Programs\MiKTeXNew 2.9\tex/generic/pgf/modules\
pgfmodulematrix.code.tex"
File: pgfmodulematrix.code.tex 2020/01/08 v3.1.5b (3.1.5b)
\pgfmatrixcurrentrow=\count313
\pgfmatrixcurrentcolumn=\count314
\pgf@matrix@numberofcolumns=\count315
)
\tikz@expandcount=\count316

("C:\Users\Bashar\AppData\Local\Programs\MiKTeXNew 2.9\tex/generic/pgf/frontend
layer/tikz/libraries\tikzlibrarytopaths.code.tex"
File: tikzlibrarytopaths.code.tex 2020/01/08 v3.1.5b (3.1.5b)
)))
("C:\Users\Bashar\AppData\Local\Programs\MiKTeXNew 2.9\tex/latex/standalone\sta
ndalone.sty"
Package: standalone 2018/03/26 v1.3a Package to include TeX sub-files with prea
mbles

("C:\Users\Bashar\AppData\Local\Programs\MiKTeXNew 2.9\tex/latex/tools\shellesc
.sty"
Package: shellesc 2019/11/08 v1.0c unified shell escape interface for LaTeX
Package shellesc Info: Restricted shell escape enabled on input line 77.
)
("C:\Users\Bashar\AppData\Local\Programs\MiKTeXNew 2.9\tex/latex/xkeyval\xkeyva
l.sty"
Package: xkeyval 2014/12/03 v2.7a package option processing (HA)

("C:\Users\Bashar\AppData\Local\Programs\MiKTeXNew 2.9\tex/generic/xkeyval\xkey
val.tex"
("C:\Users\Bashar\AppData\Local\Programs\MiKTeXNew 2.9\tex/generic/xkeyval\xkvu
tils.tex"
\XKV@toks=\toks46
\XKV@tempa@toks=\toks47
)
\XKV@depth=\count317
File: xkeyval.tex 2014/12/03 v2.7a key=value parser (HA)
))
("C:\Users\Bashar\AppData\Local\Programs\MiKTeXNew 2.9\tex/latex/currfile\currf
ile.sty"
Package: currfile 2015/04/23 v0.7c Provides the file path elements of the curre
nt input file

("C:\Users\Bashar\AppData\Local\Programs\MiKTeXNew 2.9\tex/latex/filehook\fileh
ook.sty"
Package: filehook 2020/02/03 v0.7 Hooks for input files
)
\c@currfiledepth=\count318
)
("C:\Users\Bashar\AppData\Local\Programs\MiKTeXNew 2.9\tex/latex/gincltex\gincl
tex.sty"
("C:\Users\Bashar\AppData\Local\Programs\MiKTeXNew 2.9\tex/latex/svn-prov\svn-p
rov.sty"
Package: svn-prov 2010/04/24 v3.1862 Package Date/Version from SVN Keywords
)
Package: gincltex 2011/09/04 v0.3 Include external LaTeX files like graphics

("C:\Users\Bashar\AppData\Local\Programs\MiKTeXNew 2.9\tex/latex/adjustbox\adju
stbox.sty"
Package: adjustbox 2019/01/04 v1.2 Adjusting TeX boxes (trim, clip, ...)

("C:\Users\Bashar\AppData\Local\Programs\MiKTeXNew 2.9\tex/latex/adjustbox\adjc
alc.sty"
Package: adjcalc 2012/05/16 v1.1 Provides advanced setlength with multiple back
-ends (calc, etex, pgfmath)
)
("C:\Users\Bashar\AppData\Local\Programs\MiKTeXNew 2.9\tex/latex/adjustbox\trim
clip.sty"
Package: trimclip 2018/04/08 v1.1 Trim and clip general TeX material

("C:\Users\Bashar\AppData\Local\Programs\MiKTeXNew 2.9\tex/latex/collectbox\col
lectbox.sty"
Package: collectbox 2012/05/17 v0.4b Collect macro arguments as boxes
\collectedbox=\box80
)
\tc@llx=\dimen295
\tc@lly=\dimen296
\tc@urx=\dimen297
\tc@ury=\dimen298
Package trimclip Info: Using driver 'tc-pdftex.def'.

("C:\Users\Bashar\AppData\Local\Programs\MiKTeXNew 2.9\tex/latex/adjustbox\tc-p
dftex.def"
File: tc-pdftex.def 2019/01/04 v2.2 Clipping driver for pdftex
))
\adjbox@Width=\dimen299
\adjbox@Height=\dimen300
\adjbox@Depth=\dimen301
\adjbox@Totalheight=\dimen302
\adjbox@pwidth=\dimen303
\adjbox@pheight=\dimen304
\adjbox@pdepth=\dimen305
\adjbox@ptotalheight=\dimen306

("C:\Users\Bashar\AppData\Local\Programs\MiKTeXNew 2.9\tex/latex/ifoddpage\ifod
dpage.sty"
Package: ifoddpage 2016/04/23 v1.1 Conditionals for odd/even page detection
\c@checkoddpage=\count319
)
("C:\Users\Bashar\AppData\Local\Programs\MiKTeXNew 2.9\tex/latex/varwidth\varwi
dth.sty"
Package: varwidth 2009/03/30 ver 0.92;  Variable-width minipages
\@vwid@box=\box81
\sift@deathcycles=\count320
\@vwid@loff=\dimen307
\@vwid@roff=\dimen308
))
\gincltex@box=\box82
)
("C:\Users\Bashar\AppData\Local\Programs\MiKTeXNew 2.9\tex/latex/filemod\filemo
d-expmin.sty"
Package: filemod-expmin 2011/09/19 v1.2 Get and compare file modification times
 (expandable; minimal)
))
("C:\Users\Bashar\AppData\Local\Programs\MiKTeXNew 2.9\tex/latex/tools\calc.sty
"
Package: calc 2017/05/25 v4.3 Infix arithmetic (KKT,FJ)
\calc@Acount=\count321
\calc@Bcount=\count322
\calc@Adimen=\dimen309
\calc@Bdimen=\dimen310
\calc@Askip=\skip77
\calc@Bskip=\skip78
LaTeX Info: Redefining \setlength on input line 80.
LaTeX Info: Redefining \addtolength on input line 81.
\calc@Ccount=\count323
\calc@Cskip=\skip79
)
("C:\Users\Bashar\AppData\Local\Programs\MiKTeXNew 2.9\tex/generic/pgf/frontend
layer/tikz/libraries\tikzlibraryshapes.code.tex"
File: tikzlibraryshapes.code.tex 2020/01/08 v3.1.5b (3.1.5b)

("C:\Users\Bashar\AppData\Local\Programs\MiKTeXNew 2.9\tex/generic/pgf/frontend
layer/tikz/libraries\tikzlibraryshapes.geometric.code.tex"
File: tikzlibraryshapes.geometric.code.tex 2020/01/08 v3.1.5b (3.1.5b)

("C:\Users\Bashar\AppData\Local\Programs\MiKTeXNew 2.9\tex/generic/pgf/librarie
s/shapes\pgflibraryshapes.geometric.code.tex"
File: pgflibraryshapes.geometric.code.tex 2020/01/08 v3.1.5b (3.1.5b)
))
("C:\Users\Bashar\AppData\Local\Programs\MiKTeXNew 2.9\tex/generic/pgf/frontend
layer/tikz/libraries\tikzlibraryshapes.misc.code.tex"
File: tikzlibraryshapes.misc.code.tex 2020/01/08 v3.1.5b (3.1.5b)

("C:\Users\Bashar\AppData\Local\Programs\MiKTeXNew 2.9\tex/generic/pgf/librarie
s/shapes\pgflibraryshapes.misc.code.tex"
File: pgflibraryshapes.misc.code.tex 2020/01/08 v3.1.5b (3.1.5b)
))
("C:\Users\Bashar\AppData\Local\Programs\MiKTeXNew 2.9\tex/generic/pgf/frontend
layer/tikz/libraries\tikzlibraryshapes.symbols.code.tex"
File: tikzlibraryshapes.symbols.code.tex 2020/01/08 v3.1.5b (3.1.5b)

("C:\Users\Bashar\AppData\Local\Programs\MiKTeXNew 2.9\tex/generic/pgf/librarie
s/shapes\pgflibraryshapes.symbols.code.tex"
File: pgflibraryshapes.symbols.code.tex 2020/01/08 v3.1.5b (3.1.5b)
))
("C:\Users\Bashar\AppData\Local\Programs\MiKTeXNew 2.9\tex/generic/pgf/frontend
layer/tikz/libraries\tikzlibraryshapes.arrows.code.tex"
File: tikzlibraryshapes.arrows.code.tex 2020/01/08 v3.1.5b (3.1.5b)

("C:\Users\Bashar\AppData\Local\Programs\MiKTeXNew 2.9\tex/generic/pgf/librarie
s/shapes\pgflibraryshapes.arrows.code.tex"
File: pgflibraryshapes.arrows.code.tex 2020/01/08 v3.1.5b (3.1.5b)
))
("C:\Users\Bashar\AppData\Local\Programs\MiKTeXNew 2.9\tex/generic/pgf/frontend
layer/tikz/libraries\tikzlibraryshapes.callouts.code.tex"
("C:\Users\Bashar\AppData\Local\Programs\MiKTeXNew 2.9\tex/generic/pgf/librarie
s/shapes\pgflibraryshapes.callouts.code.tex"))
("C:\Users\Bashar\AppData\Local\Programs\MiKTeXNew 2.9\tex/generic/pgf/frontend
layer/tikz/libraries\tikzlibraryshapes.multipart.code.tex"
File: tikzlibraryshapes.multipart.code.tex 2020/01/08 v3.1.5b (3.1.5b)

("C:\Users\Bashar\AppData\Local\Programs\MiKTeXNew 2.9\tex/generic/pgf/librarie
s/shapes\pgflibraryshapes.multipart.code.tex"
File: pgflibraryshapes.multipart.code.tex 2020/01/08 v3.1.5b (3.1.5b)
\pgfnodepartlowerbox=\box83
\pgfnodeparttwobox=\box84
\pgfnodepartthreebox=\box85
\pgfnodepartfourbox=\box86
\pgfnodeparttwentybox=\box87
\pgfnodepartnineteenbox=\box88
\pgfnodeparteighteenbox=\box89
\pgfnodepartseventeenbox=\box90
\pgfnodepartsixteenbox=\box91
\pgfnodepartfifteenbox=\box92
\pgfnodepartfourteenbox=\box93
\pgfnodepartthirteenbox=\box94
\pgfnodeparttwelvebox=\box95
\pgfnodepartelevenbox=\box96
\pgfnodeparttenbox=\box97
\pgfnodepartninebox=\box98
\pgfnodeparteightbox=\box99
\pgfnodepartsevenbox=\box100
\pgfnodepartsixbox=\box101
\pgfnodepartfivebox=\box102
)))
("C:\Users\Bashar\AppData\Local\Programs\MiKTeXNew 2.9\tex/generic/pgf/frontend
layer/tikz/libraries\tikzlibraryarrows.code.tex"
File: tikzlibraryarrows.code.tex 2020/01/08 v3.1.5b (3.1.5b)

("C:\Users\Bashar\AppData\Local\Programs\MiKTeXNew 2.9\tex/generic/pgf/librarie
s\pgflibraryarrows.code.tex"
File: pgflibraryarrows.code.tex 2020/01/08 v3.1.5b (3.1.5b)
\arrowsize=\dimen311
))
("C:\Users\Bashar\AppData\Local\Programs\MiKTeXNew 2.9\tex/generic/pgf/frontend
layer/tikz/libraries\tikzlibrarydecorations.markings.code.tex"
("C:\Users\Bashar\AppData\Local\Programs\MiKTeXNew 2.9\tex/generic/pgf/frontend
layer/tikz/libraries\tikzlibrarydecorations.code.tex"
("C:\Users\Bashar\AppData\Local\Programs\MiKTeXNew 2.9\tex/generic/pgf/modules\
pgfmoduledecorations.code.tex"
\pgfdecoratedcompleteddistance=\dimen312
\pgfdecoratedremainingdistance=\dimen313
\pgfdecoratedinputsegmentcompleteddistance=\dimen314
\pgfdecoratedinputsegmentremainingdistance=\dimen315
\pgf@decorate@distancetomove=\dimen316
\pgf@decorate@repeatstate=\count324
\pgfdecorationsegmentamplitude=\dimen317
\pgfdecorationsegmentlength=\dimen318
)
\tikz@lib@dec@box=\box103
)
("C:\Users\Bashar\AppData\Local\Programs\MiKTeXNew 2.9\tex/generic/pgf/librarie
s/decorations\pgflibrarydecorations.markings.code.tex"))
("C:\Users\Bashar\AppData\Local\Programs\MiKTeXNew 2.9\tex/latex/placeins\place
ins.sty"
Package: placeins 2005/04/18  v 2.2
)
("C:\Users\Bashar\AppData\Local\Programs\MiKTeXNew 2.9\tex/latex/multirow\multi
row.sty"
Package: multirow 2019/05/31 v2.5 Span multiple rows of a table
\multirow@colwidth=\skip80
\multirow@cntb=\count325
\multirow@dima=\skip81
\bigstrutjot=\dimen319
)
("C:\Users\Bashar\AppData\Local\Programs\MiKTeXNew 2.9\tex/latex/algorithm2e\al
gorithm2e.sty"
Package: algorithm2e 2017/07/18 v5.2 algorithms environments
\c@AlgoLine=\count326
\algocf@hangindent=\skip82

("C:\Users\Bashar\AppData\Local\Programs\MiKTeXNew 2.9\tex/latex/tools\xspace.s
ty"
Package: xspace 2014/10/28 v1.13 Space after command names (DPC,MH)
)
("C:\Users\Bashar\AppData\Local\Programs\MiKTeXNew 2.9\tex/latex/relsize\relsiz
e.sty"
Package: relsize 2013/03/29 ver 4.1
)
\skiptotal=\skip83
\skiplinenumber=\skip84
\skiprule=\skip85
\skiphlne=\skip86
\skiptext=\skip87
\skiplength=\skip88
\algomargin=\skip89
\skipalgocfslide=\skip90
\algowidth=\dimen320
\inoutsize=\dimen321
\inoutindent=\dimen322
\interspacetitleruled=\dimen323
\interspacealgoruled=\dimen324
\interspacetitleboxruled=\dimen325
\algocf@ruledwidth=\skip91
\algocf@inoutbox=\box104
\algocf@inputbox=\box105
\AlCapSkip=\skip92
\AlCapHSkip=\skip93
\algoskipindent=\skip94
\algocf@nlbox=\box106
\algocf@hangingbox=\box107
\algocf@untilbox=\box108
\algocf@skipuntil=\skip95
\algocf@capbox=\box109
\algocf@lcaptionbox=\skip96
\algoheightruledefault=\skip97
\algoheightrule=\skip98
\algotitleheightruledefault=\skip99
\algotitleheightrule=\skip100
\c@algocfline=\count327
\c@algocfproc=\count328
\c@algocf=\count329
\algocf@algoframe=\box110
\algocf@algobox=\box111
)
("C:\Users\Bashar\AppData\Local\Programs\MiKTeXNew 2.9\tex/latex/framed\framed.
sty"
Package: framed 2011/10/22 v 0.96: framed or shaded text with page breaks
\OuterFrameSep=\skip101
\fb@frw=\dimen326
\fb@frh=\dimen327
\FrameRule=\dimen328
\FrameSep=\dimen329
)
("C:\Users\Bashar\AppData\Local\Programs\MiKTeXNew 2.9\tex/latex/pbox\pbox.sty"
Package: pbox 2011/12/07 v1.2 Dynamic parboxes
\pb@xlen=\skip102
)
("C:\Users\Bashar\AppData\Local\Programs\MiKTeXNew 2.9\tex/latex/makecell\makec
ell.sty"
Package: makecell 2009/08/03 V0.1e Managing of Tab Column Heads and Cells
\rotheadsize=\dimen330
\c@nlinenum=\count330
\TeXr@lab=\toks48
)
("C:\Users\Bashar\AppData\Local\Programs\MiKTeXNew 2.9\tex/latex/caption\captio
n.sty"
Package: caption 2020/01/03 v3.4h Customizing captions (AR)

("C:\Users\Bashar\AppData\Local\Programs\MiKTeXNew 2.9\tex/latex/caption\captio
n3.sty"
Package: caption3 2020/01/03 v1.8h caption3 kernel (AR)
Package caption3 Info: TeX engine: e-TeX on input line 61.
\captionmargin=\dimen331
\captionmargin@=\dimen332
\captionwidth=\dimen333
\caption@tempdima=\dimen334
\caption@indent=\dimen335
\caption@parindent=\dimen336
\caption@hangindent=\dimen337
Package caption Info: Standard document class detected.
)
\c@caption@flags=\count331
\c@continuedfloat=\count332
Package caption Info: float package is loaded.
Package caption Info: listings package is loaded.
Package caption Info: longtable package is loaded.

("C:\Users\Bashar\AppData\Local\Programs\MiKTeXNew 2.9\tex/latex/caption\ltcapt
ion.sty"
Package: ltcaption 2018/08/26 v1.4a longtable captions (AR)
)
Package caption Info: rotating package is loaded.
Package caption Info: wrapfig package is loaded.
)
("C:\Users\Bashar\AppData\Local\Programs\MiKTeXNew 2.9\tex/latex/geometry\geome
try.sty"
Package: geometry 2020/01/02 v5.9 Page Geometry

("C:\Users\Bashar\AppData\Local\Programs\MiKTeXNew 2.9\tex/generic/iftex\ifvtex
.sty"
Package: ifvtex 2019/10/25 v1.7 ifvtex legacy package. Use iftex instead.
)
\Gm@cnth=\count333
\Gm@cntv=\count334
\c@Gm@tempcnt=\count335
\Gm@bindingoffset=\dimen338
\Gm@wd@mp=\dimen339
\Gm@odd@mp=\dimen340
\Gm@even@mp=\dimen341
\Gm@layoutwidth=\dimen342
\Gm@layoutheight=\dimen343
\Gm@layouthoffset=\dimen344
\Gm@layoutvoffset=\dimen345
\Gm@dimlist=\toks49

("C:\Users\Bashar\AppData\Local\Programs\MiKTeXNew 2.9\tex/latex/geometry\geome
try.cfg"))

LaTeX Warning: Unused global option(s):
    [16pt].

(equation.aux)
\openout1 = `equation.aux'.

LaTeX Font Info:    Checking defaults for OML/cmm/m/it on input line 17.
LaTeX Font Info:    ... okay on input line 17.
LaTeX Font Info:    Checking defaults for OMS/cmsy/m/n on input line 17.
LaTeX Font Info:    ... okay on input line 17.
LaTeX Font Info:    Checking defaults for OT1/cmr/m/n on input line 17.
LaTeX Font Info:    ... okay on input line 17.
LaTeX Font Info:    Checking defaults for T1/cmr/m/n on input line 17.
LaTeX Font Info:    ... okay on input line 17.
LaTeX Font Info:    Checking defaults for TS1/cmr/m/n on input line 17.
LaTeX Font Info:    ... okay on input line 17.
LaTeX Font Info:    Checking defaults for OMX/cmex/m/n on input line 17.
LaTeX Font Info:    ... okay on input line 17.
LaTeX Font Info:    Checking defaults for U/cmr/m/n on input line 17.
LaTeX Font Info:    ... okay on input line 17.

("C:\Users\Bashar\AppData\Local\Programs\MiKTeXNew 2.9\tex/context/base/mkii\su
pp-pdf.mkii"
[Loading MPS to PDF converter (version 2006.09.02).]
\scratchcounter=\count336
\scratchdimen=\dimen346
\scratchbox=\box112
\nofMPsegments=\count337
\nofMParguments=\count338
\everyMPshowfont=\toks50
\MPscratchCnt=\count339
\MPscratchDim=\dimen347
\MPnumerator=\count340
\makeMPintoPDFobject=\count341
\everyMPtoPDFconversion=\toks51
)
("C:\Users\Bashar\AppData\Local\Programs\MiKTeXNew 2.9\tex/latex/translator\tra
nslator-basic-dictionary-English.dict"
Dictionary: translator-basic-dictionary, Language: English 
)
("C:\Users\Bashar\AppData\Local\Programs\MiKTeXNew 2.9\tex/latex/siunitx\siunit
x-abbreviations.cfg"
File: siunitx-abbreviations.cfg 2017/11/26 v2.7k siunitx: Abbreviated units
)
\c@lstlisting=\count342
 ABD: EveryShipout initializing macros
Package caption Info: Begin \AtBeginDocument code.
Package caption Info: End \AtBeginDocument code.

*geometry* driver: auto-detecting
*geometry* detected driver: pdftex
*geometry* verbose mode - [ preamble ] result:
* driver: pdftex
* paper: <default>
* layout: <same size as paper>
* layoutoffset:(h,v)=(0.0pt,0.0pt)
* modes: 
* h-part:(L,W,R)=(115.63243pt, 383.03014pt, 115.63243pt)
* v-part:(T,H,B)=(115.63243pt, 563.70512pt, 115.63243pt)
* \paperwidth=614.295pt
* \paperheight=794.96999pt
* \textwidth=383.03014pt
* \textheight=563.70512pt
* \oddsidemargin=43.36244pt
* \evensidemargin=43.36244pt
* \topmargin=6.36244pt
* \headheight=12.0pt
* \headsep=25.0pt
* \topskip=10.0pt
* \footskip=30.0pt
* \marginparwidth=65.0pt
* \marginparsep=11.0pt
* \columnsep=10.0pt
* \skip\footins=9.0pt plus 4.0pt minus 2.0pt
* \hoffset=0.0pt
* \voffset=0.0pt
* \mag=1000
* \@twocolumnfalse
* \@twosidefalse
* \@mparswitchfalse
* \@reversemarginfalse
* (1in=72.27pt=25.4mm, 1cm=28.453pt)

LaTeX Font Info:    Trying to load font information for U+msa on input line 17.


("C:\Users\Bashar\AppData\Local\Programs\MiKTeXNew 2.9\tex/latex/amsfonts\umsa.
fd"
File: umsa.fd 2013/01/14 v3.01 AMS symbols A
)
LaTeX Font Info:    Trying to load font information for U+msb on input line 17.


("C:\Users\Bashar\AppData\Local\Programs\MiKTeXNew 2.9\tex/latex/amsfonts\umsb.
fd"
File: umsb.fd 2013/01/14 v3.01 AMS symbols B
)
LaTeX Font Info:    Trying to load font information for U+lasy on input line 17
.

("C:\Users\Bashar\AppData\Local\Programs\MiKTeXNew 2.9\tex/latex/base\ulasy.fd"
File: ulasy.fd 1998/08/17 v2.2e LaTeX symbol font definitions
)
Overfull \hbox (73.03958pt too wide) in paragraph at lines 18--58
[][] 
 []

[1

{C:/Users/Bashar/AppData/Local/MiKTeX/2.9/pdftex/config/pdftex.map}] [2]
[3] (equation.aux) ) 
Here is how much of TeX's memory you used:
 25388 strings out of 481553
 539966 string characters out of 2911953
 780265 words of memory out of 3000000
 40119 multiletter control sequences out of 15000+200000
 537037 words of font info for 45 fonts, out of 3000000 for 9000
 1141 hyphenation exceptions out of 8191
 60i,26n,96p,444b,569s stack positions out of 5000i,500n,10000p,200000b,50000s
<C:/Users/Bashar/AppData/Local/Programs/MiKTeXNew 2.9/fonts
/type1/public/amsfonts/cm/cmbx10.pfb><C:/Users/Bashar/AppData/Local/Programs/Mi
KTeXNew 2.9/fonts/type1/public/amsfonts/cm/cmbx7.pfb><C:/Users/Bashar/AppData/L
ocal/Programs/MiKTeXNew 2.9/fonts/type1/public/amsfonts/cm/cmex10.pfb><C:/Users
/Bashar/AppData/Local/Programs/MiKTeXNew 2.9/fonts/type1/public/amsfonts/cm/cmm
i10.pfb><C:/Users/Bashar/AppData/Local/Programs/MiKTeXNew 2.9/fonts/type1/publi
c/amsfonts/cm/cmmi5.pfb><C:/Users/Bashar/AppData/Local/Programs/MiKTeXNew 2.9/f
onts/type1/public/amsfonts/cm/cmmi7.pfb><C:/Users/Bashar/AppData/Local/Programs
/MiKTeXNew 2.9/fonts/type1/public/amsfonts/cm/cmr10.pfb><C:/Users/Bashar/AppDat
a/Local/Programs/MiKTeXNew 2.9/fonts/type1/public/amsfonts/cm/cmr5.pfb><C:/User
s/Bashar/AppData/Local/Programs/MiKTeXNew 2.9/fonts/type1/public/amsfonts/cm/cm
r7.pfb><C:/Users/Bashar/AppData/Local/Programs/MiKTeXNew 2.9/fonts/type1/public
/amsfonts/cm/cmsy10.pfb><C:/Users/Bashar/AppData/Local/Programs/MiKTeXNew 2.9/f
onts/type1/public/amsfonts/cm/cmsy5.pfb><C:/Users/Bashar/AppData/Local/Programs
/MiKTeXNew 2.9/fonts/type1/public/amsfonts/cm/cmsy7.pfb><C:/Users/Bashar/AppDat
a/Local/Programs/MiKTeXNew 2.9/fonts/type1/public/amsfonts/symbols/msam10.pfb><
C:/Users/Bashar/AppData/Local/Programs/MiKTeXNew 2.9/fonts/type1/public/amsfont
s/symbols/msam7.pfb>
Output written on equation.pdf (3 pages, 159401 bytes).
PDF statistics:
 71 PDF objects out of 1000 (max. 8388607)
 0 named destinations out of 1000 (max. 500000)
 13 words of extra memory for PDF output out of 10000 (max. 10000000)

